 
****************************************
Report : area
Design : JAM
Version: R-2020.09-SP5
Date   : Wed Mar 30 13:06:11 2022
****************************************

Library(s) Used:

    slow (File: /home/u107/u107061131/IC_CONTEST/IC2022/CBDK_IC_Contest_v2.5/SynopsysDC/db/slow.db)

Number of ports:                           62
Number of nets:                           743
Number of cells:                          671
Number of combinational cells:            605
Number of sequential cells:                64
Number of macros/black boxes:               0
Number of buf/inv:                        127
Number of references:                      78

Combinational area:               4888.512025
Buf/Inv area:                      740.066398
Noncombinational area:            1914.667204
Macro/Black Box area:                0.000000
Net Interconnect area:           89787.117004

Total cell area:                  6803.179229
Total area:                      96590.296233
1
